<?xml version="1.0" encoding="UTF-8"?>
<!-- Generated by org.testng.reporters.JUnitXMLReporter -->
<testsuite ignored="0" hostname="Optimum" failures="2" tests="3" name="Surefire test" time="1.184" errors="0" timestamp="2026-01-12T16:31:33 SGT">
  <testcase classname="com.example.tests.BaseTest" name="@BeforeMethod setUp" time="0.017">
    <failure type="java.lang.RuntimeException" message="Failed to load config for env: ">
      <![CDATA[java.lang.RuntimeException: Failed to load config for env: 
at com.example.framework.config.ConfigManager.load(ConfigManager.java:27)
at com.example.framework.config.ConfigManager.env(ConfigManager.java:11)
at com.example.framework.drivers.DriverFactory.create(DriverFactory.java:21)
at com.example.framework.drivers.DriverFactory.getDriver(DriverFactory.java:13)
at com.example.tests.BaseTest.setUp(BaseTest.java:15)
at java.base/java.util.ArrayList.forEach(ArrayList.java:1596)
Caused by: java.lang.RuntimeException: Config not found: /config/.yaml
at com.example.framework.config.ConfigManager.load(ConfigManager.java:23)
... 39 more
... Removed 34 stack frames]]>
    </failure>
  </testcase> <!-- @BeforeMethod setUp -->
  <testcase classname="com.example.tests.api.UserApiTest" name="createUser" time="0.915">
    <failure type="java.lang.RuntimeException" message="Failed to load config for env: ">
      <![CDATA[java.lang.RuntimeException: Failed to load config for env: 
at com.example.framework.config.ConfigManager.load(ConfigManager.java:27)
at com.example.framework.config.ConfigManager.env(ConfigManager.java:11)
at com.example.framework.http.RequestSpecFactory.baseSpec(RequestSpecFactory.java:11)
at com.example.framework.http.ApiClient.post(ApiClient.java:8)
at com.example.tests.api.UserApiTest.createUser(UserApiTest.java:26)
at java.base/java.util.ArrayList.forEach(ArrayList.java:1596)
Caused by: java.lang.RuntimeException: Config not found: /config/.yaml
at com.example.framework.config.ConfigManager.load(ConfigManager.java:23)
... 35 more
... Removed 30 stack frames]]>
    </failure>
  </testcase> <!-- createUser -->
  <testcase classname="com.example.tests.api.UserApiTest" name="getUserReturnsData" time="0.008">
    <failure type="java.lang.RuntimeException" message="Failed to load config for env: ">
      <![CDATA[java.lang.RuntimeException: Failed to load config for env: 
at com.example.framework.config.ConfigManager.load(ConfigManager.java:27)
at com.example.framework.config.ConfigManager.env(ConfigManager.java:11)
at com.example.framework.http.RequestSpecFactory.baseSpec(RequestSpecFactory.java:11)
at com.example.framework.http.ApiClient.get(ApiClient.java:7)
at com.example.tests.api.UserApiTest.getUserReturnsData(UserApiTest.java:16)
at java.base/java.util.ArrayList.forEach(ArrayList.java:1596)
Caused by: java.lang.RuntimeException: Config not found: /config/.yaml
at com.example.framework.config.ConfigManager.load(ConfigManager.java:23)
... 35 more
... Removed 30 stack frames]]>
    </failure>
  </testcase> <!-- getUserReturnsData -->
  <testcase classname="com.example.tests.ui.LoginUITest" name="userCanLogin" time="0.0">
    <skipped/>
  </testcase> <!-- userCanLogin -->
</testsuite> <!-- Surefire test -->
